2018-04-15 15:39:20 INFO  Version:21 - HV000001: Hibernate Validator 6.0.7.Final
2018-04-15 15:39:21 INFO  ApdsApplication:50 - Starting ApdsApplication on HP with PID 5544 (started by Qalib in E:\Spring projects\apds)
2018-04-15 15:39:21 INFO  ApdsApplication:652 - No active profile set, falling back to default profiles: default
2018-04-15 15:39:21 INFO  AnnotationConfigServletWebServerApplicationContext:589 - Refreshing org.springframework.boot.web.servlet.context.AnnotationConfigServletWebServerApplicationContext@2fd66ad3: startup date [Sun Apr 15 15:39:21 AZST 2018]; root of context hierarchy
2018-04-15 15:39:25 INFO  TomcatWebServer:91 - Tomcat initialized with port(s): 9090 (http)
2018-04-15 15:39:26 INFO  ContextLoader:285 - Root WebApplicationContext: initialization completed in 4201 ms
2018-04-15 15:39:26 INFO  ServletRegistrationBean:185 - Servlet dispatcherServlet mapped to [/]
2018-04-15 15:39:26 INFO  FilterRegistrationBean:243 - Mapping filter: 'characterEncodingFilter' to: [/*]
2018-04-15 15:39:26 INFO  FilterRegistrationBean:243 - Mapping filter: 'hiddenHttpMethodFilter' to: [/*]
2018-04-15 15:39:26 INFO  FilterRegistrationBean:243 - Mapping filter: 'httpPutFormContentFilter' to: [/*]
2018-04-15 15:39:26 INFO  FilterRegistrationBean:243 - Mapping filter: 'requestContextFilter' to: [/*]
2018-04-15 15:39:28 INFO  RequestMappingHandlerAdapter:567 - Looking for @ControllerAdvice: org.springframework.boot.web.servlet.context.AnnotationConfigServletWebServerApplicationContext@2fd66ad3: startup date [Sun Apr 15 15:39:21 AZST 2018]; root of context hierarchy
2018-04-15 15:39:28 INFO  RequestMappingHandlerMapping:548 - Mapped "{[/sensor/sendData],methods=[GET],produces=[application/json]}" onto public java.util.Map com.dev.apds.controllers.SensorController.sendData(java.lang.String,java.lang.String)
2018-04-15 15:39:28 INFO  RequestMappingHandlerMapping:548 - Mapped "{[/sensor/checkSensor],methods=[POST],produces=[application/json]}" onto public java.util.Map com.dev.apds.controllers.SensorController.checkSensor(java.lang.String)
2018-04-15 15:39:28 INFO  RequestMappingHandlerMapping:548 - Mapped "{[/sensor/checkStatus],methods=[POST],produces=[application/json]}" onto public java.util.Map com.dev.apds.controllers.SensorController.checkStatus(java.lang.String)
2018-04-15 15:39:28 INFO  RequestMappingHandlerMapping:548 - Mapped "{[/user/register],methods=[POST],produces=[application/json]}" onto public java.util.Map com.dev.apds.controllers.UserController.register(java.lang.String,java.lang.String,java.lang.String,java.lang.String,java.lang.String,java.lang.String,java.lang.String,java.lang.String)
2018-04-15 15:39:28 INFO  RequestMappingHandlerMapping:548 - Mapped "{[/user/push],methods=[POST],produces=[application/json]}" onto public java.util.Map com.dev.apds.controllers.UserController.push(java.lang.String)
2018-04-15 15:39:28 INFO  RequestMappingHandlerMapping:548 - Mapped "{[/user/getFilter],methods=[POST],produces=[application/json]}" onto public java.util.Map com.dev.apds.controllers.UserController.getFilter(java.lang.String,java.lang.String,int,double,double,java.util.Date,java.util.Date,int)
2018-04-15 15:39:28 INFO  RequestMappingHandlerMapping:548 - Mapped "{[/user/me/currentSensor],methods=[POST],produces=[application/json]}" onto public java.util.Map com.dev.apds.controllers.UserController.getMyDataWithSensor(java.lang.String,java.lang.String)
2018-04-15 15:39:28 INFO  RequestMappingHandlerMapping:548 - Mapped "{[/user/register/verify/sms],methods=[POST],produces=[application/json]}" onto public java.util.Map com.dev.apds.controllers.UserController.verifySmsForRegister(java.lang.String,java.lang.String,java.lang.String)
2018-04-15 15:39:28 INFO  RequestMappingHandlerMapping:548 - Mapped "{[/user/login/verify/sms],methods=[POST],produces=[application/json]}" onto public java.util.Map com.dev.apds.controllers.UserController.verifySmsForLogin(java.lang.String,java.lang.String)
2018-04-15 15:39:28 INFO  RequestMappingHandlerMapping:548 - Mapped "{[/user/register/sendMsisdn],methods=[POST],produces=[application/json]}" onto public java.util.Map com.dev.apds.controllers.UserController.sendMsisdnForRegister(java.lang.String)
2018-04-15 15:39:28 INFO  RequestMappingHandlerMapping:548 - Mapped "{[/user/update/call],methods=[POST],produces=[application/json]}" onto public java.util.Map com.dev.apds.controllers.UserController.updateCallSettings(java.lang.String,java.lang.String,int,double,double,int)
2018-04-15 15:39:28 INFO  RequestMappingHandlerMapping:548 - Mapped "{[/user/update/notify],methods=[POST],produces=[application/json]}" onto public java.util.Map com.dev.apds.controllers.UserController.updateNotify(java.lang.String,java.lang.String,int,double,double,int)
2018-04-15 15:39:28 INFO  RequestMappingHandlerMapping:548 - Mapped "{[/user/me/changeStatus],methods=[POST],produces=[application/json]}" onto public java.util.Map com.dev.apds.controllers.UserController.changeStatus(java.lang.String,java.lang.String,int)
2018-04-15 15:39:28 INFO  RequestMappingHandlerMapping:548 - Mapped "{[/user/login/sendMsisdn],methods=[POST],produces=[application/json]}" onto public java.util.Map com.dev.apds.controllers.UserController.sendMsisdn(java.lang.String)
2018-04-15 15:39:28 INFO  RequestMappingHandlerMapping:548 - Mapped "{[/user/me],methods=[POST],produces=[application/json]}" onto public java.util.Map com.dev.apds.controllers.UserController.getMyData(java.lang.String)
2018-04-15 15:39:28 INFO  RequestMappingHandlerMapping:548 - Mapped "{[/user/getLastData],methods=[POST],produces=[application/json]}" onto public java.util.Map com.dev.apds.controllers.UserController.getLastData(java.lang.String,java.lang.String)
2018-04-15 15:39:28 INFO  RequestMappingHandlerMapping:548 - Mapped "{[/error]}" onto public org.springframework.http.ResponseEntity<java.util.Map<java.lang.String, java.lang.Object>> org.springframework.boot.autoconfigure.web.servlet.error.BasicErrorController.error(javax.servlet.http.HttpServletRequest)
2018-04-15 15:39:28 INFO  RequestMappingHandlerMapping:548 - Mapped "{[/error],produces=[text/html]}" onto public org.springframework.web.servlet.ModelAndView org.springframework.boot.autoconfigure.web.servlet.error.BasicErrorController.errorHtml(javax.servlet.http.HttpServletRequest,javax.servlet.http.HttpServletResponse)
2018-04-15 15:39:28 INFO  SimpleUrlHandlerMapping:373 - Mapped URL path [/webjars/**] onto handler of type [class org.springframework.web.servlet.resource.ResourceHttpRequestHandler]
2018-04-15 15:39:28 INFO  SimpleUrlHandlerMapping:373 - Mapped URL path [/**] onto handler of type [class org.springframework.web.servlet.resource.ResourceHttpRequestHandler]
2018-04-15 15:39:28 INFO  SimpleUrlHandlerMapping:373 - Mapped URL path [/**/favicon.ico] onto handler of type [class org.springframework.web.servlet.resource.ResourceHttpRequestHandler]
2018-04-15 15:39:28 INFO  AnnotationMBeanExporter:434 - Registering beans for JMX exposure on startup
2018-04-15 15:39:28 INFO  AnnotationMBeanExporter:896 - Bean with name 'dataSource' has been autodetected for JMX exposure
2018-04-15 15:39:28 INFO  AnnotationMBeanExporter:669 - Located MBean 'dataSource': registering with JMX server as MBean [com.zaxxer.hikari:name=dataSource,type=HikariDataSource]
2018-04-15 15:39:28 INFO  TomcatWebServer:205 - Tomcat started on port(s): 9090 (http) with context path '/apds'
2018-04-15 15:39:28 INFO  ApdsApplication:59 - Started ApdsApplication in 9.046 seconds (JVM running for 13.759)
2018-04-15 15:39:49 INFO  DispatcherServlet:494 - FrameworkServlet 'dispatcherServlet': initialization started
2018-04-15 15:39:49 INFO  DispatcherServlet:513 - FrameworkServlet 'dispatcherServlet': initialization completed in 23 ms
2018-04-15 15:40:31 INFO  HikariDataSource:110 - HikariPool-1 - Starting...
2018-04-15 15:40:32 INFO  HikariDataSource:123 - HikariPool-1 - Start completed.
2018-04-15 15:47:25 INFO  Version:21 - HV000001: Hibernate Validator 6.0.7.Final
2018-04-15 15:47:25 INFO  ApdsApplication:50 - Starting ApdsApplication on HP with PID 6604 (started by Qalib in E:\Spring projects\apds)
2018-04-15 15:47:25 INFO  ApdsApplication:652 - No active profile set, falling back to default profiles: default
2018-04-15 15:47:25 INFO  AnnotationConfigServletWebServerApplicationContext:589 - Refreshing org.springframework.boot.web.servlet.context.AnnotationConfigServletWebServerApplicationContext@5204062d: startup date [Sun Apr 15 15:47:25 AZST 2018]; root of context hierarchy
2018-04-15 15:47:28 INFO  TomcatWebServer:91 - Tomcat initialized with port(s): 9090 (http)
2018-04-15 15:47:29 INFO  ContextLoader:285 - Root WebApplicationContext: initialization completed in 3561 ms
2018-04-15 15:47:29 INFO  ServletRegistrationBean:185 - Servlet dispatcherServlet mapped to [/]
2018-04-15 15:47:29 INFO  FilterRegistrationBean:243 - Mapping filter: 'characterEncodingFilter' to: [/*]
2018-04-15 15:47:29 INFO  FilterRegistrationBean:243 - Mapping filter: 'hiddenHttpMethodFilter' to: [/*]
2018-04-15 15:47:29 INFO  FilterRegistrationBean:243 - Mapping filter: 'httpPutFormContentFilter' to: [/*]
2018-04-15 15:47:29 INFO  FilterRegistrationBean:243 - Mapping filter: 'requestContextFilter' to: [/*]
2018-04-15 15:47:31 INFO  RequestMappingHandlerAdapter:567 - Looking for @ControllerAdvice: org.springframework.boot.web.servlet.context.AnnotationConfigServletWebServerApplicationContext@5204062d: startup date [Sun Apr 15 15:47:25 AZST 2018]; root of context hierarchy
2018-04-15 15:47:31 INFO  RequestMappingHandlerMapping:548 - Mapped "{[/sensor/checkStatus],methods=[POST],produces=[application/json]}" onto public java.util.Map com.dev.apds.controllers.SensorController.checkStatus(java.lang.String)
2018-04-15 15:47:31 INFO  RequestMappingHandlerMapping:548 - Mapped "{[/sensor/sendData],methods=[GET],produces=[application/json]}" onto public java.util.Map com.dev.apds.controllers.SensorController.sendData(java.lang.String,java.lang.String)
2018-04-15 15:47:31 INFO  RequestMappingHandlerMapping:548 - Mapped "{[/sensor/checkSensor],methods=[POST],produces=[application/json]}" onto public java.util.Map com.dev.apds.controllers.SensorController.checkSensor(java.lang.String)
2018-04-15 15:47:31 INFO  RequestMappingHandlerMapping:548 - Mapped "{[/user/register],methods=[POST],produces=[application/json]}" onto public java.util.Map com.dev.apds.controllers.UserController.register(java.lang.String,java.lang.String,java.lang.String,java.lang.String,java.lang.String,java.lang.String,java.lang.String,java.lang.String)
2018-04-15 15:47:31 INFO  RequestMappingHandlerMapping:548 - Mapped "{[/user/push],methods=[POST],produces=[application/json]}" onto public java.util.Map com.dev.apds.controllers.UserController.push(java.lang.String)
2018-04-15 15:47:31 INFO  RequestMappingHandlerMapping:548 - Mapped "{[/user/getFilter],methods=[POST],produces=[application/json]}" onto public java.util.Map com.dev.apds.controllers.UserController.getFilter(java.lang.String,java.lang.String,int,double,double,java.util.Date,java.util.Date,int)
2018-04-15 15:47:31 INFO  RequestMappingHandlerMapping:548 - Mapped "{[/user/me/currentSensor],methods=[POST],produces=[application/json]}" onto public java.util.Map com.dev.apds.controllers.UserController.getMyDataWithSensor(java.lang.String,java.lang.String)
2018-04-15 15:47:31 INFO  RequestMappingHandlerMapping:548 - Mapped "{[/user/update/call],methods=[POST],produces=[application/json]}" onto public java.util.Map com.dev.apds.controllers.UserController.updateCallSettings(java.lang.String,java.lang.String,int,double,double,int)
2018-04-15 15:47:31 INFO  RequestMappingHandlerMapping:548 - Mapped "{[/user/register/sendMsisdn],methods=[POST],produces=[application/json]}" onto public java.util.Map com.dev.apds.controllers.UserController.sendMsisdnForRegister(java.lang.String)
2018-04-15 15:47:31 INFO  RequestMappingHandlerMapping:548 - Mapped "{[/user/login/verify/sms],methods=[POST],produces=[application/json]}" onto public java.util.Map com.dev.apds.controllers.UserController.verifySmsForLogin(java.lang.String,java.lang.String)
2018-04-15 15:47:31 INFO  RequestMappingHandlerMapping:548 - Mapped "{[/user/register/verify/sms],methods=[POST],produces=[application/json]}" onto public java.util.Map com.dev.apds.controllers.UserController.verifySmsForRegister(java.lang.String,java.lang.String,java.lang.String)
2018-04-15 15:47:31 INFO  RequestMappingHandlerMapping:548 - Mapped "{[/user/getLastData],methods=[POST],produces=[application/json]}" onto public java.util.Map com.dev.apds.controllers.UserController.getLastData(java.lang.String,java.lang.String)
2018-04-15 15:47:31 INFO  RequestMappingHandlerMapping:548 - Mapped "{[/user/me/changeStatus],methods=[POST],produces=[application/json]}" onto public java.util.Map com.dev.apds.controllers.UserController.changeStatus(java.lang.String,java.lang.String,int)
2018-04-15 15:47:31 INFO  RequestMappingHandlerMapping:548 - Mapped "{[/user/me],methods=[POST],produces=[application/json]}" onto public java.util.Map com.dev.apds.controllers.UserController.getMyData(java.lang.String)
2018-04-15 15:47:31 INFO  RequestMappingHandlerMapping:548 - Mapped "{[/user/login/sendMsisdn],methods=[POST],produces=[application/json]}" onto public java.util.Map com.dev.apds.controllers.UserController.sendMsisdn(java.lang.String)
2018-04-15 15:47:31 INFO  RequestMappingHandlerMapping:548 - Mapped "{[/user/update/notify],methods=[POST],produces=[application/json]}" onto public java.util.Map com.dev.apds.controllers.UserController.updateNotify(java.lang.String,java.lang.String,int,double,double,int)
2018-04-15 15:47:31 INFO  RequestMappingHandlerMapping:548 - Mapped "{[/error]}" onto public org.springframework.http.ResponseEntity<java.util.Map<java.lang.String, java.lang.Object>> org.springframework.boot.autoconfigure.web.servlet.error.BasicErrorController.error(javax.servlet.http.HttpServletRequest)
2018-04-15 15:47:31 INFO  RequestMappingHandlerMapping:548 - Mapped "{[/error],produces=[text/html]}" onto public org.springframework.web.servlet.ModelAndView org.springframework.boot.autoconfigure.web.servlet.error.BasicErrorController.errorHtml(javax.servlet.http.HttpServletRequest,javax.servlet.http.HttpServletResponse)
2018-04-15 15:47:31 INFO  SimpleUrlHandlerMapping:373 - Mapped URL path [/webjars/**] onto handler of type [class org.springframework.web.servlet.resource.ResourceHttpRequestHandler]
2018-04-15 15:47:31 INFO  SimpleUrlHandlerMapping:373 - Mapped URL path [/**] onto handler of type [class org.springframework.web.servlet.resource.ResourceHttpRequestHandler]
2018-04-15 15:47:31 INFO  SimpleUrlHandlerMapping:373 - Mapped URL path [/**/favicon.ico] onto handler of type [class org.springframework.web.servlet.resource.ResourceHttpRequestHandler]
2018-04-15 15:47:32 INFO  AnnotationMBeanExporter:434 - Registering beans for JMX exposure on startup
2018-04-15 15:47:32 INFO  AnnotationMBeanExporter:896 - Bean with name 'dataSource' has been autodetected for JMX exposure
2018-04-15 15:47:32 INFO  AnnotationMBeanExporter:669 - Located MBean 'dataSource': registering with JMX server as MBean [com.zaxxer.hikari:name=dataSource,type=HikariDataSource]
2018-04-15 15:47:32 INFO  TomcatWebServer:205 - Tomcat started on port(s): 9090 (http) with context path '/apds'
2018-04-15 15:47:32 INFO  ApdsApplication:59 - Started ApdsApplication in 7.468 seconds (JVM running for 9.33)
2018-04-15 15:52:12 INFO  DispatcherServlet:494 - FrameworkServlet 'dispatcherServlet': initialization started
2018-04-15 15:52:12 INFO  DispatcherServlet:513 - FrameworkServlet 'dispatcherServlet': initialization completed in 37 ms
2018-04-15 15:52:12 INFO  HikariDataSource:110 - HikariPool-1 - Starting...
2018-04-15 15:52:13 INFO  HikariDataSource:123 - HikariPool-1 - Start completed.
2018-04-15 16:05:36 INFO  Version:21 - HV000001: Hibernate Validator 6.0.7.Final
2018-04-15 16:05:37 INFO  ApdsApplication:50 - Starting ApdsApplication on HP with PID 9636 (started by Qalib in E:\Spring projects\apds)
2018-04-15 16:05:37 INFO  ApdsApplication:652 - No active profile set, falling back to default profiles: default
2018-04-15 16:05:37 INFO  AnnotationConfigServletWebServerApplicationContext:589 - Refreshing org.springframework.boot.web.servlet.context.AnnotationConfigServletWebServerApplicationContext@24b1d79b: startup date [Sun Apr 15 16:05:37 AZST 2018]; root of context hierarchy
2018-04-15 16:05:39 INFO  TomcatWebServer:91 - Tomcat initialized with port(s): 9090 (http)
2018-04-15 16:05:39 INFO  ContextLoader:285 - Root WebApplicationContext: initialization completed in 2648 ms
2018-04-15 16:05:40 INFO  ServletRegistrationBean:185 - Servlet dispatcherServlet mapped to [/]
2018-04-15 16:05:40 INFO  FilterRegistrationBean:243 - Mapping filter: 'characterEncodingFilter' to: [/*]
2018-04-15 16:05:40 INFO  FilterRegistrationBean:243 - Mapping filter: 'hiddenHttpMethodFilter' to: [/*]
2018-04-15 16:05:40 INFO  FilterRegistrationBean:243 - Mapping filter: 'httpPutFormContentFilter' to: [/*]
2018-04-15 16:05:40 INFO  FilterRegistrationBean:243 - Mapping filter: 'requestContextFilter' to: [/*]
2018-04-15 16:05:40 INFO  RequestMappingHandlerAdapter:567 - Looking for @ControllerAdvice: org.springframework.boot.web.servlet.context.AnnotationConfigServletWebServerApplicationContext@24b1d79b: startup date [Sun Apr 15 16:05:37 AZST 2018]; root of context hierarchy
2018-04-15 16:05:40 INFO  RequestMappingHandlerMapping:548 - Mapped "{[/sensor/checkSensor],methods=[POST],produces=[application/json]}" onto public java.util.Map com.dev.apds.controllers.SensorController.checkSensor(java.lang.String)
2018-04-15 16:05:40 INFO  RequestMappingHandlerMapping:548 - Mapped "{[/sensor/checkStatus],methods=[POST],produces=[application/json]}" onto public java.util.Map com.dev.apds.controllers.SensorController.checkStatus(java.lang.String)
2018-04-15 16:05:40 INFO  RequestMappingHandlerMapping:548 - Mapped "{[/sensor/sendData],methods=[GET],produces=[application/json]}" onto public java.util.Map com.dev.apds.controllers.SensorController.sendData(java.lang.String,java.lang.String)
2018-04-15 16:05:40 INFO  RequestMappingHandlerMapping:548 - Mapped "{[/user/register],methods=[POST],produces=[application/json]}" onto public java.util.Map com.dev.apds.controllers.UserController.register(java.lang.String,java.lang.String,java.lang.String,java.lang.String,java.lang.String,java.lang.String,java.lang.String,java.lang.String)
2018-04-15 16:05:40 INFO  RequestMappingHandlerMapping:548 - Mapped "{[/user/push],methods=[POST],produces=[application/json]}" onto public java.util.Map com.dev.apds.controllers.UserController.push(java.lang.String)
2018-04-15 16:05:40 INFO  RequestMappingHandlerMapping:548 - Mapped "{[/user/getFilter],methods=[POST],produces=[application/json]}" onto public java.util.Map com.dev.apds.controllers.UserController.getFilter(java.lang.String,java.lang.String,int,double,double,java.util.Date,java.util.Date,int)
2018-04-15 16:05:40 INFO  RequestMappingHandlerMapping:548 - Mapped "{[/user/getLogs],methods=[POST],produces=[application/json]}" onto public java.util.Map com.dev.apds.controllers.UserController.getFilter(java.lang.String,java.lang.String,java.util.Date)
2018-04-15 16:05:40 INFO  RequestMappingHandlerMapping:548 - Mapped "{[/user/register/sendMsisdn],methods=[POST],produces=[application/json]}" onto public java.util.Map com.dev.apds.controllers.UserController.sendMsisdnForRegister(java.lang.String)
2018-04-15 16:05:40 INFO  RequestMappingHandlerMapping:548 - Mapped "{[/user/register/verify/sms],methods=[POST],produces=[application/json]}" onto public java.util.Map com.dev.apds.controllers.UserController.verifySmsForRegister(java.lang.String,java.lang.String,java.lang.String)
2018-04-15 16:05:40 INFO  RequestMappingHandlerMapping:548 - Mapped "{[/user/me/currentSensor],methods=[POST],produces=[application/json]}" onto public java.util.Map com.dev.apds.controllers.UserController.getMyDataWithSensor(java.lang.String,java.lang.String)
2018-04-15 16:05:40 INFO  RequestMappingHandlerMapping:548 - Mapped "{[/user/login/verify/sms],methods=[POST],produces=[application/json]}" onto public java.util.Map com.dev.apds.controllers.UserController.verifySmsForLogin(java.lang.String,java.lang.String)
2018-04-15 16:05:40 INFO  RequestMappingHandlerMapping:548 - Mapped "{[/user/update/call],methods=[POST],produces=[application/json]}" onto public java.util.Map com.dev.apds.controllers.UserController.updateCallSettings(java.lang.String,java.lang.String,int,double,double,int)
2018-04-15 16:05:40 INFO  RequestMappingHandlerMapping:548 - Mapped "{[/user/me],methods=[POST],produces=[application/json]}" onto public java.util.Map com.dev.apds.controllers.UserController.getMyData(java.lang.String)
2018-04-15 16:05:40 INFO  RequestMappingHandlerMapping:548 - Mapped "{[/user/getLastData],methods=[POST],produces=[application/json]}" onto public java.util.Map com.dev.apds.controllers.UserController.getLastData(java.lang.String,java.lang.String)
2018-04-15 16:05:40 INFO  RequestMappingHandlerMapping:548 - Mapped "{[/user/update/notify],methods=[POST],produces=[application/json]}" onto public java.util.Map com.dev.apds.controllers.UserController.updateNotify(java.lang.String,java.lang.String,int,double,double,int)
2018-04-15 16:05:40 INFO  RequestMappingHandlerMapping:548 - Mapped "{[/user/login/sendMsisdn],methods=[POST],produces=[application/json]}" onto public java.util.Map com.dev.apds.controllers.UserController.sendMsisdn(java.lang.String)
2018-04-15 16:05:40 INFO  RequestMappingHandlerMapping:548 - Mapped "{[/user/me/changeStatus],methods=[POST],produces=[application/json]}" onto public java.util.Map com.dev.apds.controllers.UserController.changeStatus(java.lang.String,java.lang.String,int)
2018-04-15 16:05:40 INFO  RequestMappingHandlerMapping:548 - Mapped "{[/error]}" onto public org.springframework.http.ResponseEntity<java.util.Map<java.lang.String, java.lang.Object>> org.springframework.boot.autoconfigure.web.servlet.error.BasicErrorController.error(javax.servlet.http.HttpServletRequest)
2018-04-15 16:05:40 INFO  RequestMappingHandlerMapping:548 - Mapped "{[/error],produces=[text/html]}" onto public org.springframework.web.servlet.ModelAndView org.springframework.boot.autoconfigure.web.servlet.error.BasicErrorController.errorHtml(javax.servlet.http.HttpServletRequest,javax.servlet.http.HttpServletResponse)
2018-04-15 16:05:40 INFO  SimpleUrlHandlerMapping:373 - Mapped URL path [/webjars/**] onto handler of type [class org.springframework.web.servlet.resource.ResourceHttpRequestHandler]
2018-04-15 16:05:40 INFO  SimpleUrlHandlerMapping:373 - Mapped URL path [/**] onto handler of type [class org.springframework.web.servlet.resource.ResourceHttpRequestHandler]
2018-04-15 16:05:41 INFO  SimpleUrlHandlerMapping:373 - Mapped URL path [/**/favicon.ico] onto handler of type [class org.springframework.web.servlet.resource.ResourceHttpRequestHandler]
2018-04-15 16:05:41 INFO  AnnotationMBeanExporter:434 - Registering beans for JMX exposure on startup
2018-04-15 16:05:41 INFO  AnnotationMBeanExporter:896 - Bean with name 'dataSource' has been autodetected for JMX exposure
2018-04-15 16:05:41 INFO  AnnotationMBeanExporter:669 - Located MBean 'dataSource': registering with JMX server as MBean [com.zaxxer.hikari:name=dataSource,type=HikariDataSource]
2018-04-15 16:05:41 INFO  TomcatWebServer:205 - Tomcat started on port(s): 9090 (http) with context path '/apds'
2018-04-15 16:05:41 INFO  ApdsApplication:59 - Started ApdsApplication in 4.784 seconds (JVM running for 5.998)
2018-04-15 16:06:59 INFO  SpringBootTestContextBootstrapper:308 - Neither @ContextConfiguration nor @ContextHierarchy found for test class [com.dev.apds.ApdsApplicationTests], using SpringBootContextLoader
2018-04-15 16:06:59 INFO  AbstractContextLoader:264 - Could not detect default resource locations for test class [com.dev.apds.ApdsApplicationTests]: no resource found for suffixes {-context.xml, Context.groovy}.
2018-04-15 16:06:59 INFO  AnnotationConfigContextLoaderUtils:82 - Could not detect default configuration classes for test class [com.dev.apds.ApdsApplicationTests]: ApdsApplicationTests does not declare any static, non-private, non-final, nested classes annotated with @Configuration.
2018-04-15 16:07:00 INFO  SpringBootTestContextBootstrapper:244 - Found @SpringBootConfiguration com.dev.apds.ApdsApplication for test class com.dev.apds.ApdsApplicationTests
2018-04-15 16:07:00 INFO  SpringBootTestContextBootstrapper:248 - Loaded default TestExecutionListener class names from location [META-INF/spring.factories]: [org.springframework.boot.test.mock.mockito.MockitoTestExecutionListener, org.springframework.boot.test.mock.mockito.ResetMocksTestExecutionListener, org.springframework.boot.test.autoconfigure.restdocs.RestDocsTestExecutionListener, org.springframework.boot.test.autoconfigure.web.client.MockRestServiceServerResetTestExecutionListener, org.springframework.boot.test.autoconfigure.web.servlet.MockMvcPrintOnlyOnFailureTestExecutionListener, org.springframework.boot.test.autoconfigure.web.servlet.WebDriverTestExecutionListener, org.springframework.test.context.web.ServletTestExecutionListener, org.springframework.test.context.support.DirtiesContextBeforeModesTestExecutionListener, org.springframework.test.context.support.DependencyInjectionTestExecutionListener, org.springframework.test.context.support.DirtiesContextTestExecutionListener, org.springframework.test.context.transaction.TransactionalTestExecutionListener, org.springframework.test.context.jdbc.SqlScriptsTestExecutionListener]
2018-04-15 16:07:00 INFO  SpringBootTestContextBootstrapper:177 - Using TestExecutionListeners: [org.springframework.test.context.web.ServletTestExecutionListener@15ff3e9e, org.springframework.test.context.support.DirtiesContextBeforeModesTestExecutionListener@5fdcaa40, org.springframework.boot.test.mock.mockito.MockitoTestExecutionListener@6dc17b83, org.springframework.boot.test.autoconfigure.SpringBootDependencyInjectionTestExecutionListener@5e0826e7, org.springframework.test.context.support.DirtiesContextTestExecutionListener@32eff876, org.springframework.test.context.transaction.TransactionalTestExecutionListener@8dbdac1, org.springframework.test.context.jdbc.SqlScriptsTestExecutionListener@6e20b53a, org.springframework.boot.test.mock.mockito.ResetMocksTestExecutionListener@71809907, org.springframework.boot.test.autoconfigure.restdocs.RestDocsTestExecutionListener@3ce1e309, org.springframework.boot.test.autoconfigure.web.client.MockRestServiceServerResetTestExecutionListener@6aba2b86, org.springframework.boot.test.autoconfigure.web.servlet.MockMvcPrintOnlyOnFailureTestExecutionListener@158da8e, org.springframework.boot.test.autoconfigure.web.servlet.WebDriverTestExecutionListener@74e52303]
2018-04-15 16:07:00 INFO  Version:21 - HV000001: Hibernate Validator 6.0.7.Final
2018-04-15 16:07:01 WARN  DuplicateJsonObjectContextCustomizerFactory$DuplicateJsonObjectContextCustomizer:86 - 

Found multiple occurrences of org.json.JSONObject on the class path:

	jar:file:/C:/Users/Qalib/.m2/repository/org/json/json/20180130/json-20180130.jar!/org/json/JSONObject.class
	jar:file:/C:/Users/Qalib/.m2/repository/com/vaadin/external/google/android-json/0.0.20131108.vaadin1/android-json-0.0.20131108.vaadin1.jar!/org/json/JSONObject.class

You may wish to exclude one of them to ensure predictable runtime behavior

2018-04-15 16:07:01 INFO  ApdsApplicationTests:50 - Starting ApdsApplicationTests on HP with PID 5432 (started by Qalib in E:\Spring projects\apds)
2018-04-15 16:07:01 INFO  ApdsApplicationTests:652 - No active profile set, falling back to default profiles: default
2018-04-15 16:07:01 INFO  GenericWebApplicationContext:589 - Refreshing org.springframework.web.context.support.GenericWebApplicationContext@5136d012: startup date [Sun Apr 15 16:07:01 AZST 2018]; root of context hierarchy
2018-04-15 16:07:06 INFO  RequestMappingHandlerAdapter:567 - Looking for @ControllerAdvice: org.springframework.web.context.support.GenericWebApplicationContext@5136d012: startup date [Sun Apr 15 16:07:01 AZST 2018]; root of context hierarchy
2018-04-15 16:07:06 INFO  RequestMappingHandlerMapping:548 - Mapped "{[/sensor/checkStatus],methods=[POST],produces=[application/json]}" onto public java.util.Map com.dev.apds.controllers.SensorController.checkStatus(java.lang.String)
2018-04-15 16:07:06 INFO  RequestMappingHandlerMapping:548 - Mapped "{[/sensor/checkSensor],methods=[POST],produces=[application/json]}" onto public java.util.Map com.dev.apds.controllers.SensorController.checkSensor(java.lang.String)
2018-04-15 16:07:06 INFO  RequestMappingHandlerMapping:548 - Mapped "{[/sensor/sendData],methods=[GET],produces=[application/json]}" onto public java.util.Map com.dev.apds.controllers.SensorController.sendData(java.lang.String,java.lang.String)
2018-04-15 16:07:06 INFO  RequestMappingHandlerMapping:548 - Mapped "{[/user/register],methods=[POST],produces=[application/json]}" onto public java.util.Map com.dev.apds.controllers.UserController.register(java.lang.String,java.lang.String,java.lang.String,java.lang.String,java.lang.String,java.lang.String,java.lang.String,java.lang.String)
2018-04-15 16:07:06 INFO  RequestMappingHandlerMapping:548 - Mapped "{[/user/push],methods=[POST],produces=[application/json]}" onto public java.util.Map com.dev.apds.controllers.UserController.push(java.lang.String)
2018-04-15 16:07:06 INFO  RequestMappingHandlerMapping:548 - Mapped "{[/user/me/changeStatus],methods=[POST],produces=[application/json]}" onto public java.util.Map com.dev.apds.controllers.UserController.changeStatus(java.lang.String,java.lang.String,int)
2018-04-15 16:07:06 INFO  RequestMappingHandlerMapping:548 - Mapped "{[/user/update/notify],methods=[POST],produces=[application/json]}" onto public java.util.Map com.dev.apds.controllers.UserController.updateNotify(java.lang.String,java.lang.String,int,double,double,int)
2018-04-15 16:07:06 INFO  RequestMappingHandlerMapping:548 - Mapped "{[/user/login/sendMsisdn],methods=[POST],produces=[application/json]}" onto public java.util.Map com.dev.apds.controllers.UserController.sendMsisdn(java.lang.String)
2018-04-15 16:07:06 INFO  RequestMappingHandlerMapping:548 - Mapped "{[/user/getLastData],methods=[POST],produces=[application/json]}" onto public java.util.Map com.dev.apds.controllers.UserController.getLastData(java.lang.String,java.lang.String)
2018-04-15 16:07:06 INFO  RequestMappingHandlerMapping:548 - Mapped "{[/user/getLogs],methods=[POST],produces=[application/json]}" onto public java.util.Map com.dev.apds.controllers.UserController.getFilter(java.lang.String,java.lang.String,java.util.Date)
2018-04-15 16:07:06 INFO  RequestMappingHandlerMapping:548 - Mapped "{[/user/getFilter],methods=[POST],produces=[application/json]}" onto public java.util.Map com.dev.apds.controllers.UserController.getFilter(java.lang.String,java.lang.String,int,double,double,java.util.Date,java.util.Date,int)
2018-04-15 16:07:06 INFO  RequestMappingHandlerMapping:548 - Mapped "{[/user/me],methods=[POST],produces=[application/json]}" onto public java.util.Map com.dev.apds.controllers.UserController.getMyData(java.lang.String)
2018-04-15 16:07:06 INFO  RequestMappingHandlerMapping:548 - Mapped "{[/user/register/sendMsisdn],methods=[POST],produces=[application/json]}" onto public java.util.Map com.dev.apds.controllers.UserController.sendMsisdnForRegister(java.lang.String)
2018-04-15 16:07:06 INFO  RequestMappingHandlerMapping:548 - Mapped "{[/user/update/call],methods=[POST],produces=[application/json]}" onto public java.util.Map com.dev.apds.controllers.UserController.updateCallSettings(java.lang.String,java.lang.String,int,double,double,int)
2018-04-15 16:07:06 INFO  RequestMappingHandlerMapping:548 - Mapped "{[/user/me/currentSensor],methods=[POST],produces=[application/json]}" onto public java.util.Map com.dev.apds.controllers.UserController.getMyDataWithSensor(java.lang.String,java.lang.String)
2018-04-15 16:07:06 INFO  RequestMappingHandlerMapping:548 - Mapped "{[/user/login/verify/sms],methods=[POST],produces=[application/json]}" onto public java.util.Map com.dev.apds.controllers.UserController.verifySmsForLogin(java.lang.String,java.lang.String)
2018-04-15 16:07:06 INFO  RequestMappingHandlerMapping:548 - Mapped "{[/user/register/verify/sms],methods=[POST],produces=[application/json]}" onto public java.util.Map com.dev.apds.controllers.UserController.verifySmsForRegister(java.lang.String,java.lang.String,java.lang.String)
2018-04-15 16:07:06 INFO  RequestMappingHandlerMapping:548 - Mapped "{[/error]}" onto public org.springframework.http.ResponseEntity<java.util.Map<java.lang.String, java.lang.Object>> org.springframework.boot.autoconfigure.web.servlet.error.BasicErrorController.error(javax.servlet.http.HttpServletRequest)
2018-04-15 16:07:06 INFO  RequestMappingHandlerMapping:548 - Mapped "{[/error],produces=[text/html]}" onto public org.springframework.web.servlet.ModelAndView org.springframework.boot.autoconfigure.web.servlet.error.BasicErrorController.errorHtml(javax.servlet.http.HttpServletRequest,javax.servlet.http.HttpServletResponse)
2018-04-15 16:07:06 INFO  SimpleUrlHandlerMapping:373 - Mapped URL path [/webjars/**] onto handler of type [class org.springframework.web.servlet.resource.ResourceHttpRequestHandler]
2018-04-15 16:07:06 INFO  SimpleUrlHandlerMapping:373 - Mapped URL path [/**] onto handler of type [class org.springframework.web.servlet.resource.ResourceHttpRequestHandler]
2018-04-15 16:07:07 INFO  SimpleUrlHandlerMapping:373 - Mapped URL path [/**/favicon.ico] onto handler of type [class org.springframework.web.servlet.resource.ResourceHttpRequestHandler]
2018-04-15 16:07:08 INFO  ApdsApplicationTests:59 - Started ApdsApplicationTests in 7.55 seconds (JVM running for 9.887)
2018-04-15 16:07:08 INFO  GenericWebApplicationContext:989 - Closing org.springframework.web.context.support.GenericWebApplicationContext@5136d012: startup date [Sun Apr 15 16:07:01 AZST 2018]; root of context hierarchy
2018-04-15 18:59:07 INFO  Version:21 - HV000001: Hibernate Validator 6.0.7.Final
2018-04-15 18:59:08 INFO  ApdsApplication:50 - Starting ApdsApplication on HP with PID 7264 (started by Qalib in E:\Spring projects\apds)
2018-04-15 18:59:08 INFO  ApdsApplication:652 - No active profile set, falling back to default profiles: default
2018-04-15 18:59:08 INFO  AnnotationConfigServletWebServerApplicationContext:589 - Refreshing org.springframework.boot.web.servlet.context.AnnotationConfigServletWebServerApplicationContext@5d11346a: startup date [Sun Apr 15 18:59:08 AZST 2018]; root of context hierarchy
2018-04-15 18:59:10 INFO  TomcatWebServer:91 - Tomcat initialized with port(s): 9090 (http)
2018-04-15 18:59:10 INFO  ContextLoader:285 - Root WebApplicationContext: initialization completed in 1957 ms
2018-04-15 18:59:10 INFO  ServletRegistrationBean:185 - Servlet dispatcherServlet mapped to [/]
2018-04-15 18:59:10 INFO  FilterRegistrationBean:243 - Mapping filter: 'characterEncodingFilter' to: [/*]
2018-04-15 18:59:10 INFO  FilterRegistrationBean:243 - Mapping filter: 'hiddenHttpMethodFilter' to: [/*]
2018-04-15 18:59:10 INFO  FilterRegistrationBean:243 - Mapping filter: 'httpPutFormContentFilter' to: [/*]
2018-04-15 18:59:10 INFO  FilterRegistrationBean:243 - Mapping filter: 'requestContextFilter' to: [/*]
2018-04-15 18:59:11 INFO  RequestMappingHandlerAdapter:567 - Looking for @ControllerAdvice: org.springframework.boot.web.servlet.context.AnnotationConfigServletWebServerApplicationContext@5d11346a: startup date [Sun Apr 15 18:59:08 AZST 2018]; root of context hierarchy
2018-04-15 18:59:11 INFO  RequestMappingHandlerMapping:548 - Mapped "{[/sensor/checkSensor],methods=[POST],produces=[application/json]}" onto public java.util.Map com.dev.apds.controllers.SensorController.checkSensor(java.lang.String)
2018-04-15 18:59:11 INFO  RequestMappingHandlerMapping:548 - Mapped "{[/sensor/checkStatus],methods=[POST],produces=[application/json]}" onto public java.util.Map com.dev.apds.controllers.SensorController.checkStatus(java.lang.String)
2018-04-15 18:59:11 INFO  RequestMappingHandlerMapping:548 - Mapped "{[/sensor/sendData],methods=[POST],produces=[application/json]}" onto public java.util.Map com.dev.apds.controllers.SensorController.sendData(java.lang.String,java.lang.String)
2018-04-15 18:59:11 INFO  RequestMappingHandlerMapping:548 - Mapped "{[/user/register],methods=[POST],produces=[application/json]}" onto public java.util.Map com.dev.apds.controllers.UserController.register(java.lang.String,java.lang.String,java.lang.String,java.lang.String,java.lang.String,java.lang.String,java.lang.String,java.lang.String)
2018-04-15 18:59:11 INFO  RequestMappingHandlerMapping:548 - Mapped "{[/user/push],methods=[POST],produces=[application/json]}" onto public java.util.Map com.dev.apds.controllers.UserController.push(java.lang.String)
2018-04-15 18:59:11 INFO  RequestMappingHandlerMapping:548 - Mapped "{[/user/getFilter],methods=[POST],produces=[application/json]}" onto public java.util.Map com.dev.apds.controllers.UserController.getFilter(java.lang.String,java.lang.String,int,double,double,java.util.Date,java.util.Date,int)
2018-04-15 18:59:11 INFO  RequestMappingHandlerMapping:548 - Mapped "{[/user/getLogs],methods=[POST],produces=[application/json]}" onto public java.util.Map com.dev.apds.controllers.UserController.getFilter(java.lang.String,java.lang.String,java.util.Date)
2018-04-15 18:59:11 INFO  RequestMappingHandlerMapping:548 - Mapped "{[/user/register/sendMsisdn],methods=[POST],produces=[application/json]}" onto public java.util.Map com.dev.apds.controllers.UserController.sendMsisdnForRegister(java.lang.String)
2018-04-15 18:59:11 INFO  RequestMappingHandlerMapping:548 - Mapped "{[/user/update/call],methods=[POST],produces=[application/json]}" onto public java.util.Map com.dev.apds.controllers.UserController.updateCallSettings(java.lang.String,java.lang.String,int,double,double,int)
2018-04-15 18:59:11 INFO  RequestMappingHandlerMapping:548 - Mapped "{[/user/register/verify/sms],methods=[POST],produces=[application/json]}" onto public java.util.Map com.dev.apds.controllers.UserController.verifySmsForRegister(java.lang.String,java.lang.String,java.lang.String)
2018-04-15 18:59:11 INFO  RequestMappingHandlerMapping:548 - Mapped "{[/user/me/currentSensor],methods=[POST],produces=[application/json]}" onto public java.util.Map com.dev.apds.controllers.UserController.getMyDataWithSensor(java.lang.String,java.lang.String)
2018-04-15 18:59:11 INFO  RequestMappingHandlerMapping:548 - Mapped "{[/user/login/verify/sms],methods=[POST],produces=[application/json]}" onto public java.util.Map com.dev.apds.controllers.UserController.verifySmsForLogin(java.lang.String,java.lang.String)
2018-04-15 18:59:11 INFO  RequestMappingHandlerMapping:548 - Mapped "{[/user/getLastData],methods=[POST],produces=[application/json]}" onto public java.util.Map com.dev.apds.controllers.UserController.getLastData(java.lang.String,java.lang.String)
2018-04-15 18:59:11 INFO  RequestMappingHandlerMapping:548 - Mapped "{[/user/me/changeStatus],methods=[POST],produces=[application/json]}" onto public java.util.Map com.dev.apds.controllers.UserController.changeStatus(java.lang.String,java.lang.String,int)
2018-04-15 18:59:11 INFO  RequestMappingHandlerMapping:548 - Mapped "{[/user/update/notify],methods=[POST],produces=[application/json]}" onto public java.util.Map com.dev.apds.controllers.UserController.updateNotify(java.lang.String,java.lang.String,int,double,double,int)
2018-04-15 18:59:11 INFO  RequestMappingHandlerMapping:548 - Mapped "{[/user/login/sendMsisdn],methods=[POST],produces=[application/json]}" onto public java.util.Map com.dev.apds.controllers.UserController.sendMsisdn(java.lang.String)
2018-04-15 18:59:11 INFO  RequestMappingHandlerMapping:548 - Mapped "{[/user/me],methods=[POST],produces=[application/json]}" onto public java.util.Map com.dev.apds.controllers.UserController.getMyData(java.lang.String)
2018-04-15 18:59:11 INFO  RequestMappingHandlerMapping:548 - Mapped "{[/error]}" onto public org.springframework.http.ResponseEntity<java.util.Map<java.lang.String, java.lang.Object>> org.springframework.boot.autoconfigure.web.servlet.error.BasicErrorController.error(javax.servlet.http.HttpServletRequest)
2018-04-15 18:59:11 INFO  RequestMappingHandlerMapping:548 - Mapped "{[/error],produces=[text/html]}" onto public org.springframework.web.servlet.ModelAndView org.springframework.boot.autoconfigure.web.servlet.error.BasicErrorController.errorHtml(javax.servlet.http.HttpServletRequest,javax.servlet.http.HttpServletResponse)
2018-04-15 18:59:11 INFO  SimpleUrlHandlerMapping:373 - Mapped URL path [/webjars/**] onto handler of type [class org.springframework.web.servlet.resource.ResourceHttpRequestHandler]
2018-04-15 18:59:11 INFO  SimpleUrlHandlerMapping:373 - Mapped URL path [/**] onto handler of type [class org.springframework.web.servlet.resource.ResourceHttpRequestHandler]
2018-04-15 18:59:11 INFO  SimpleUrlHandlerMapping:373 - Mapped URL path [/**/favicon.ico] onto handler of type [class org.springframework.web.servlet.resource.ResourceHttpRequestHandler]
2018-04-15 18:59:11 INFO  AnnotationMBeanExporter:434 - Registering beans for JMX exposure on startup
2018-04-15 18:59:11 INFO  AnnotationMBeanExporter:896 - Bean with name 'dataSource' has been autodetected for JMX exposure
2018-04-15 18:59:11 INFO  AnnotationMBeanExporter:669 - Located MBean 'dataSource': registering with JMX server as MBean [com.zaxxer.hikari:name=dataSource,type=HikariDataSource]
2018-04-15 18:59:11 INFO  TomcatWebServer:205 - Tomcat started on port(s): 9090 (http) with context path '/apds'
2018-04-15 18:59:11 INFO  ApdsApplication:59 - Started ApdsApplication in 3.847 seconds (JVM running for 5.115)
2018-04-15 19:06:57 INFO  SpringBootTestContextBootstrapper:308 - Neither @ContextConfiguration nor @ContextHierarchy found for test class [com.dev.apds.ApdsApplicationTests], using SpringBootContextLoader
2018-04-15 19:06:57 INFO  AbstractContextLoader:264 - Could not detect default resource locations for test class [com.dev.apds.ApdsApplicationTests]: no resource found for suffixes {-context.xml, Context.groovy}.
2018-04-15 19:06:57 INFO  AnnotationConfigContextLoaderUtils:82 - Could not detect default configuration classes for test class [com.dev.apds.ApdsApplicationTests]: ApdsApplicationTests does not declare any static, non-private, non-final, nested classes annotated with @Configuration.
2018-04-15 19:06:57 INFO  SpringBootTestContextBootstrapper:244 - Found @SpringBootConfiguration com.dev.apds.ApdsApplication for test class com.dev.apds.ApdsApplicationTests
2018-04-15 19:06:57 INFO  SpringBootTestContextBootstrapper:248 - Loaded default TestExecutionListener class names from location [META-INF/spring.factories]: [org.springframework.boot.test.mock.mockito.MockitoTestExecutionListener, org.springframework.boot.test.mock.mockito.ResetMocksTestExecutionListener, org.springframework.boot.test.autoconfigure.restdocs.RestDocsTestExecutionListener, org.springframework.boot.test.autoconfigure.web.client.MockRestServiceServerResetTestExecutionListener, org.springframework.boot.test.autoconfigure.web.servlet.MockMvcPrintOnlyOnFailureTestExecutionListener, org.springframework.boot.test.autoconfigure.web.servlet.WebDriverTestExecutionListener, org.springframework.test.context.web.ServletTestExecutionListener, org.springframework.test.context.support.DirtiesContextBeforeModesTestExecutionListener, org.springframework.test.context.support.DependencyInjectionTestExecutionListener, org.springframework.test.context.support.DirtiesContextTestExecutionListener, org.springframework.test.context.transaction.TransactionalTestExecutionListener, org.springframework.test.context.jdbc.SqlScriptsTestExecutionListener]
2018-04-15 19:06:57 INFO  SpringBootTestContextBootstrapper:177 - Using TestExecutionListeners: [org.springframework.test.context.web.ServletTestExecutionListener@441772e, org.springframework.test.context.support.DirtiesContextBeforeModesTestExecutionListener@7334aada, org.springframework.boot.test.mock.mockito.MockitoTestExecutionListener@1d9b7cce, org.springframework.boot.test.autoconfigure.SpringBootDependencyInjectionTestExecutionListener@4d9e68d0, org.springframework.test.context.support.DirtiesContextTestExecutionListener@42e99e4a, org.springframework.test.context.transaction.TransactionalTestExecutionListener@14dd9eb7, org.springframework.test.context.jdbc.SqlScriptsTestExecutionListener@52e6fdee, org.springframework.boot.test.mock.mockito.ResetMocksTestExecutionListener@6c80d78a, org.springframework.boot.test.autoconfigure.restdocs.RestDocsTestExecutionListener@62150f9e, org.springframework.boot.test.autoconfigure.web.client.MockRestServiceServerResetTestExecutionListener@1a451d4d, org.springframework.boot.test.autoconfigure.web.servlet.MockMvcPrintOnlyOnFailureTestExecutionListener@7fa98a66, org.springframework.boot.test.autoconfigure.web.servlet.WebDriverTestExecutionListener@15ff3e9e]
2018-04-15 19:06:57 INFO  Version:21 - HV000001: Hibernate Validator 6.0.7.Final
2018-04-15 19:06:57 WARN  DuplicateJsonObjectContextCustomizerFactory$DuplicateJsonObjectContextCustomizer:86 - 

Found multiple occurrences of org.json.JSONObject on the class path:

	jar:file:/C:/Users/Qalib/.m2/repository/org/json/json/20180130/json-20180130.jar!/org/json/JSONObject.class
	jar:file:/C:/Users/Qalib/.m2/repository/com/vaadin/external/google/android-json/0.0.20131108.vaadin1/android-json-0.0.20131108.vaadin1.jar!/org/json/JSONObject.class

You may wish to exclude one of them to ensure predictable runtime behavior

2018-04-15 19:06:58 INFO  ApdsApplicationTests:50 - Starting ApdsApplicationTests on HP with PID 8856 (started by Qalib in E:\Spring projects\apds)
2018-04-15 19:06:58 INFO  ApdsApplicationTests:652 - No active profile set, falling back to default profiles: default
2018-04-15 19:06:58 INFO  GenericWebApplicationContext:589 - Refreshing org.springframework.web.context.support.GenericWebApplicationContext@2525ff7e: startup date [Sun Apr 15 19:06:58 AZST 2018]; root of context hierarchy
2018-04-15 19:07:04 INFO  RequestMappingHandlerAdapter:567 - Looking for @ControllerAdvice: org.springframework.web.context.support.GenericWebApplicationContext@2525ff7e: startup date [Sun Apr 15 19:06:58 AZST 2018]; root of context hierarchy
2018-04-15 19:07:04 INFO  RequestMappingHandlerMapping:548 - Mapped "{[/sensor/checkStatus],methods=[POST],produces=[application/json]}" onto public java.util.Map com.dev.apds.controllers.SensorController.checkStatus(java.lang.String)
2018-04-15 19:07:04 INFO  RequestMappingHandlerMapping:548 - Mapped "{[/sensor/checkSensor],methods=[POST],produces=[application/json]}" onto public java.util.Map com.dev.apds.controllers.SensorController.checkSensor(java.lang.String)
2018-04-15 19:07:04 INFO  RequestMappingHandlerMapping:548 - Mapped "{[/sensor/sendData],methods=[POST],produces=[application/json]}" onto public java.util.Map com.dev.apds.controllers.SensorController.sendData(java.lang.String,java.lang.String)
2018-04-15 19:07:04 INFO  RequestMappingHandlerMapping:548 - Mapped "{[/user/register],methods=[POST],produces=[application/json]}" onto public java.util.Map com.dev.apds.controllers.UserController.register(java.lang.String,java.lang.String,java.lang.String,java.lang.String,java.lang.String,java.lang.String,java.lang.String,java.lang.String)
2018-04-15 19:07:04 INFO  RequestMappingHandlerMapping:548 - Mapped "{[/user/push],methods=[POST],produces=[application/json]}" onto public java.util.Map com.dev.apds.controllers.UserController.push(java.lang.String)
2018-04-15 19:07:04 INFO  RequestMappingHandlerMapping:548 - Mapped "{[/user/getFilter],methods=[POST],produces=[application/json]}" onto public java.util.Map com.dev.apds.controllers.UserController.getFilter(java.lang.String,java.lang.String,int,double,double,java.util.Date,java.util.Date,int)
2018-04-15 19:07:04 INFO  RequestMappingHandlerMapping:548 - Mapped "{[/user/getLogs],methods=[POST],produces=[application/json]}" onto public java.util.Map com.dev.apds.controllers.UserController.getFilter(java.lang.String,java.lang.String,java.util.Date)
2018-04-15 19:07:04 INFO  RequestMappingHandlerMapping:548 - Mapped "{[/user/update/notify],methods=[POST],produces=[application/json]}" onto public java.util.Map com.dev.apds.controllers.UserController.updateNotify(java.lang.String,java.lang.String,int,double,double,int)
2018-04-15 19:07:04 INFO  RequestMappingHandlerMapping:548 - Mapped "{[/user/me/changeStatus],methods=[POST],produces=[application/json]}" onto public java.util.Map com.dev.apds.controllers.UserController.changeStatus(java.lang.String,java.lang.String,int)
2018-04-15 19:07:04 INFO  RequestMappingHandlerMapping:548 - Mapped "{[/user/getLastData],methods=[POST],produces=[application/json]}" onto public java.util.Map com.dev.apds.controllers.UserController.getLastData(java.lang.String,java.lang.String)
2018-04-15 19:07:04 INFO  RequestMappingHandlerMapping:548 - Mapped "{[/user/login/sendMsisdn],methods=[POST],produces=[application/json]}" onto public java.util.Map com.dev.apds.controllers.UserController.sendMsisdn(java.lang.String)
2018-04-15 19:07:04 INFO  RequestMappingHandlerMapping:548 - Mapped "{[/user/me],methods=[POST],produces=[application/json]}" onto public java.util.Map com.dev.apds.controllers.UserController.getMyData(java.lang.String)
2018-04-15 19:07:04 INFO  RequestMappingHandlerMapping:548 - Mapped "{[/user/login/verify/sms],methods=[POST],produces=[application/json]}" onto public java.util.Map com.dev.apds.controllers.UserController.verifySmsForLogin(java.lang.String,java.lang.String)
2018-04-15 19:07:04 INFO  RequestMappingHandlerMapping:548 - Mapped "{[/user/update/call],methods=[POST],produces=[application/json]}" onto public java.util.Map com.dev.apds.controllers.UserController.updateCallSettings(java.lang.String,java.lang.String,int,double,double,int)
2018-04-15 19:07:04 INFO  RequestMappingHandlerMapping:548 - Mapped "{[/user/me/currentSensor],methods=[POST],produces=[application/json]}" onto public java.util.Map com.dev.apds.controllers.UserController.getMyDataWithSensor(java.lang.String,java.lang.String)
2018-04-15 19:07:04 INFO  RequestMappingHandlerMapping:548 - Mapped "{[/user/register/verify/sms],methods=[POST],produces=[application/json]}" onto public java.util.Map com.dev.apds.controllers.UserController.verifySmsForRegister(java.lang.String,java.lang.String,java.lang.String)
2018-04-15 19:07:04 INFO  RequestMappingHandlerMapping:548 - Mapped "{[/user/register/sendMsisdn],methods=[POST],produces=[application/json]}" onto public java.util.Map com.dev.apds.controllers.UserController.sendMsisdnForRegister(java.lang.String)
2018-04-15 19:07:04 INFO  RequestMappingHandlerMapping:548 - Mapped "{[/error]}" onto public org.springframework.http.ResponseEntity<java.util.Map<java.lang.String, java.lang.Object>> org.springframework.boot.autoconfigure.web.servlet.error.BasicErrorController.error(javax.servlet.http.HttpServletRequest)
2018-04-15 19:07:04 INFO  RequestMappingHandlerMapping:548 - Mapped "{[/error],produces=[text/html]}" onto public org.springframework.web.servlet.ModelAndView org.springframework.boot.autoconfigure.web.servlet.error.BasicErrorController.errorHtml(javax.servlet.http.HttpServletRequest,javax.servlet.http.HttpServletResponse)
2018-04-15 19:07:04 INFO  SimpleUrlHandlerMapping:373 - Mapped URL path [/webjars/**] onto handler of type [class org.springframework.web.servlet.resource.ResourceHttpRequestHandler]
2018-04-15 19:07:04 INFO  SimpleUrlHandlerMapping:373 - Mapped URL path [/**] onto handler of type [class org.springframework.web.servlet.resource.ResourceHttpRequestHandler]
2018-04-15 19:07:05 INFO  SimpleUrlHandlerMapping:373 - Mapped URL path [/**/favicon.ico] onto handler of type [class org.springframework.web.servlet.resource.ResourceHttpRequestHandler]
2018-04-15 19:07:07 INFO  ApdsApplicationTests:59 - Started ApdsApplicationTests in 10.025 seconds (JVM running for 11.255)
2018-04-15 19:07:08 INFO  GenericWebApplicationContext:989 - Closing org.springframework.web.context.support.GenericWebApplicationContext@2525ff7e: startup date [Sun Apr 15 19:06:58 AZST 2018]; root of context hierarchy
